22-Mar-20 23:57:44 - INFO -  * Running on http://0.0.0.0:8089/ (Press CTRL+C to quit)
22-Mar-20 23:57:44 - INFO -  * Restarting with stat
22-Mar-20 23:57:45 - WARNING -  * Debugger is active!
22-Mar-20 23:57:45 - INFO -  * Debugger PIN: 364-857-920
22-Mar-20 23:58:02 - INFO -  * Detected change in '/Users/mac/Desktop/aws/aws_iot_cli/backend/bulk_service.py', reloading
22-Mar-20 23:58:19 - INFO -  * Running on http://0.0.0.0:8089/ (Press CTRL+C to quit)
22-Mar-20 23:58:19 - INFO -  * Restarting with stat
22-Mar-20 23:58:21 - WARNING -  * Debugger is active!
22-Mar-20 23:58:21 - INFO -  * Debugger PIN: 364-857-920
22-Mar-20 23:59:13 - INFO -  * Detected change in '/Users/mac/Desktop/aws/aws_iot_cli/backend/bulk_service.py', reloading
23-Mar-20 00:01:42 - INFO -  * Running on http://0.0.0.0:8089/ (Press CTRL+C to quit)
23-Mar-20 00:01:42 - INFO -  * Restarting with stat
23-Mar-20 00:01:43 - WARNING -  * Debugger is active!
23-Mar-20 00:01:43 - INFO -  * Debugger PIN: 364-857-920
23-Mar-20 00:01:55 - INFO -  * Detected change in '/Users/mac/Desktop/aws/aws_iot_cli/backend/bulk_service.py', reloading
23-Mar-20 00:02:18 - INFO -  * Running on http://0.0.0.0:8089/ (Press CTRL+C to quit)
23-Mar-20 00:02:18 - INFO -  * Restarting with stat
23-Mar-20 00:02:19 - WARNING -  * Debugger is active!
23-Mar-20 00:02:19 - INFO -  * Debugger PIN: 364-857-920
23-Mar-20 00:03:26 - INFO -  * Running on http://0.0.0.0:8089/ (Press CTRL+C to quit)
23-Mar-20 00:03:26 - INFO -  * Restarting with stat
23-Mar-20 00:03:27 - WARNING -  * Debugger is active!
23-Mar-20 00:03:27 - INFO -  * Debugger PIN: 364-857-920
23-Mar-20 00:04:45 - INFO - 127.0.0.1 - - [23/Mar/2020 00:04:45] "[37mGET /data/aws-credentials HTTP/1.1[0m" 200 -
23-Mar-20 00:05:14 - INFO -  * Detected change in '/Users/mac/Desktop/aws/aws_iot_cli/backend/bulk_service.py', reloading
23-Mar-20 00:10:44 - INFO -  * Running on http://0.0.0.0:8089/ (Press CTRL+C to quit)
23-Mar-20 00:10:44 - INFO -  * Restarting with stat
23-Mar-20 00:10:45 - WARNING -  * Debugger is active!
23-Mar-20 00:10:45 - INFO -  * Debugger PIN: 364-857-920
23-Mar-20 00:11:02 - INFO -  * Detected change in '/Users/mac/Desktop/aws/aws_iot_cli/backend/mySQL.py', reloading
23-Mar-20 00:11:05 - INFO -  * Running on http://0.0.0.0:8089/ (Press CTRL+C to quit)
23-Mar-20 00:11:05 - INFO -  * Restarting with stat
23-Mar-20 00:11:06 - WARNING -  * Debugger is active!
23-Mar-20 00:11:06 - INFO -  * Debugger PIN: 364-857-920
23-Mar-20 11:26:02 - INFO -  * Running on http://0.0.0.0:8089/ (Press CTRL+C to quit)
23-Mar-20 11:26:02 - INFO -  * Restarting with stat
23-Mar-20 11:26:03 - WARNING -  * Debugger is active!
23-Mar-20 11:26:03 - INFO -  * Debugger PIN: 364-857-920
23-Mar-20 11:40:51 - INFO -  * Detected change in '/Users/mac/Desktop/aws/aws_iot_cli/backend/bulk_service.py', reloading
23-Mar-20 11:40:54 - INFO -  * Running on http://0.0.0.0:8089/ (Press CTRL+C to quit)
23-Mar-20 11:40:54 - INFO -  * Restarting with stat
23-Mar-20 11:40:55 - WARNING -  * Debugger is active!
23-Mar-20 11:40:55 - INFO -  * Debugger PIN: 364-857-920
23-Mar-20 12:37:37 - INFO -  * Detected change in '/Users/mac/Desktop/aws/aws_iot_cli/backend/bulk_service.py', reloading
23-Mar-20 12:37:40 - INFO - Starting backend data refresh thread
23-Mar-20 12:37:40 - INFO - Starting backend data refresh thread
23-Mar-20 12:37:40 - INFO -  * Running on http://0.0.0.0:8089/ (Press CTRL+C to quit)
23-Mar-20 12:37:40 - INFO -  * Restarting with stat
23-Mar-20 12:37:41 - INFO - Starting thingTypes download thread for account: Martin Hannah
23-Mar-20 12:37:41 - INFO - Starting backend data refresh thread
23-Mar-20 12:37:41 - INFO - Starting backend data refresh thread
23-Mar-20 12:37:41 - WARNING -  * Debugger is active!
23-Mar-20 12:37:41 - INFO -  * Debugger PIN: 364-857-920
23-Mar-20 12:37:42 - INFO - Starting thingTypes download thread for account: Martin Hannah
23-Mar-20 12:37:42 - INFO - ThingType already exist
23-Mar-20 12:37:42 - INFO - ThingType already exist
23-Mar-20 12:37:42 - INFO - ThingType already exist
23-Mar-20 12:37:42 - INFO - Starting things download thread for account: Martin Hannah
23-Mar-20 12:37:43 - INFO - ThingType already exist
23-Mar-20 12:37:43 - INFO - ThingType already exist
23-Mar-20 12:37:43 - INFO - ThingType already exist
23-Mar-20 12:37:43 - INFO - Starting things download thread for account: Martin Hannah
23-Mar-20 12:38:35 - INFO -  * Detected change in '/Users/mac/Desktop/aws/aws_iot_cli/backend/bulk_service.py', reloading
23-Mar-20 12:39:20 - INFO - Starting backend data refresh thread
23-Mar-20 12:39:20 - INFO - Starting backend data refresh thread
23-Mar-20 12:39:20 - INFO -  * Running on http://0.0.0.0:8089/ (Press CTRL+C to quit)
23-Mar-20 12:39:20 - INFO -  * Restarting with stat
23-Mar-20 12:39:20 - INFO - Starting thingTypes download thread for account: Martin Hannah
23-Mar-20 12:39:21 - INFO - Starting backend data refresh thread
23-Mar-20 12:39:21 - INFO - Starting backend data refresh thread
23-Mar-20 12:39:21 - WARNING -  * Debugger is active!
23-Mar-20 12:39:21 - INFO -  * Debugger PIN: 364-857-920
23-Mar-20 12:39:21 - INFO - Starting thingTypes download thread for account: Martin Hannah
23-Mar-20 12:39:22 - INFO - ThingType already exist
23-Mar-20 12:39:22 - INFO - ThingType already exist
23-Mar-20 12:39:22 - INFO - ThingType already exist
23-Mar-20 12:39:22 - INFO - Starting things download thread for account: Martin Hannah
23-Mar-20 12:39:23 - INFO - ThingType already exist
23-Mar-20 12:39:23 - INFO - ThingType already exist
23-Mar-20 12:39:23 - INFO - ThingType already exist
23-Mar-20 12:39:23 - INFO - Starting things download thread for account: Martin Hannah
23-Mar-20 12:40:24 - INFO -  * Detected change in '/Users/mac/Desktop/aws/aws_iot_cli/backend/bulk_service.py', reloading
